<?xml version="1.0" encoding="UTF-8"?>
<!-- Generated by org.testng.reporters.JUnitReportReporter -->
<testsuite hostname="DESKTOP-I03KJOQ" failures="0" tests="1" name="testpackage.ThomasCookTest" time="96.033" errors="0" timestamp="2024-12-27T22:19:11 IST" skipped="0">
  <testcase classname="testpackage.ThomasCookTest" name="testThomasCook" time="96.033"/>
</testsuite> <!-- testpackage.ThomasCookTest -->
